# JRE version: OpenJDK Runtime Environment (8.0_242-b01) (build 1.8.0_242-release-1644-b01)
# Java VM: OpenJDK 64-Bit Server VM (25.242-b01 mixed mode windows-amd64 compressed oops)
Heap:
 PSYoungGen      total 101888K, used 9918K [0x00000000d5580000, 0x00000000dd680000, 0x0000000100000000)
  eden space 88064K, 11% used [0x00000000d5580000,0x00000000d5f2fb30,0x00000000dab80000)
  from space 13824K, 0% used [0x00000000dab80000,0x00000000dab80000,0x00000000db900000)
  to   space 14336K, 0% used [0x00000000dc880000,0x00000000dc880000,0x00000000dd680000)
 ParOldGen       total 56320K, used 33198K [0x0000000080000000, 0x0000000083700000, 0x00000000d5580000)
  object space 56320K, 58% used [0x0000000080000000,0x000000008206baa0,0x0000000083700000)
 Metaspace       used 57501K, capacity 59794K, committed 60056K, reserved 1101824K
  class space    used 7894K, capacity 8358K, committed 8368K, reserved 1048576K
GC Heap History (10 events):
Event: 52.365 GC heap before
{Heap before GC invocations=16 (full 2):
 PSYoungGen      total 68608K, used 59904K [0x00000000d5580000, 0x00000000dae80000, 0x0000000100000000)
  eden space 59904K, 100% used [0x00000000d5580000,0x00000000d9000000,0x00000000d9000000)
  from space 8704K, 0% used [0x00000000d9000000,0x00000000d9000000,0x00000000d9880000)
  to   space 8192K, 0% used [0x00000000da680000,0x00000000da680000,0x00000000dae80000)
 ParOldGen       total 56320K, used 15219K [0x0000000080000000, 0x0000000083700000, 0x00000000d5580000)
  object space 56320K, 27% used [0x0000000080000000,0x0000000080edcf50,0x0000000083700000)
 Metaspace       used 36407K, capacity 37830K, committed 38056K, reserved 1081344K
  class space    used 4987K, capacity 5296K, committed 5296K, reserved 1048576K
Event: 52.440 GC heap after
Heap after GC invocations=16 (full 2):
 PSYoungGen      total 82944K, used 4230K [0x00000000d5580000, 0x00000000dae80000, 0x0000000100000000)
  eden space 74752K, 0% used [0x00000000d5580000,0x00000000d5580000,0x00000000d9e80000)
  from space 8192K, 51% used [0x00000000da680000,0x00000000daaa1b18,0x00000000dae80000)
  to   space 8192K, 0% used [0x00000000d9e80000,0x00000000d9e80000,0x00000000da680000)
 ParOldGen       total 56320K, used 15227K [0x0000000080000000, 0x0000000083700000, 0x00000000d5580000)
  object space 56320K, 27% used [0x0000000080000000,0x0000000080edef50,0x0000000083700000)
 Metaspace       used 36407K, capacity 37830K, committed 38056K, reserved 1081344K
  class space    used 4987K, capacity 5296K, committed 5296K, reserved 1048576K
}
Event: 56.653 GC heap before
{Heap before GC invocations=17 (full 2):
 PSYoungGen      total 82944K, used 78982K [0x00000000d5580000, 0x00000000dae80000, 0x0000000100000000)
  eden space 74752K, 100% used [0x00000000d5580000,0x00000000d9e80000,0x00000000d9e80000)
  from space 8192K, 51% used [0x00000000da680000,0x00000000daaa1b18,0x00000000dae80000)
  to   space 8192K, 0% used [0x00000000d9e80000,0x00000000d9e80000,0x00000000da680000)
 ParOldGen       total 56320K, used 15227K [0x0000000080000000, 0x0000000083700000, 0x00000000d5580000)
  object space 56320K, 27% used [0x0000000080000000,0x0000000080edef50,0x0000000083700000)
 Metaspace       used 44089K, capacity 45850K, committed 46120K, reserved 1089536K
  class space    used 5965K, capacity 6349K, committed 6448K, reserved 1048576K
Event: 56.681 GC heap after
Heap after GC invocations=17 (full 2):
 PSYoungGen      total 82944K, used 8179K [0x00000000d5580000, 0x00000000dc380000, 0x0000000100000000)
  eden space 74752K, 0% used [0x00000000d5580000,0x00000000d5580000,0x00000000d9e80000)
  from space 8192K, 99% used [0x00000000d9e80000,0x00000000da67ce60,0x00000000da680000)
  to   space 10752K, 0% used [0x00000000db900000,0x00000000db900000,0x00000000dc380000)
 ParOldGen       total 56320K, used 18877K [0x0000000080000000, 0x0000000083700000, 0x00000000d5580000)
  object space 56320K, 33% used [0x0000000080000000,0x000000008126f528,0x0000000083700000)
 Metaspace       used 44089K, capacity 45850K, committed 46120K, reserved 1089536K
  class space    used 5965K, capacity 6349K, committed 6448K, reserved 1048576K
}
Event: 58.944 GC heap before
{Heap before GC invocations=18 (full 2):
 PSYoungGen      total 82944K, used 82931K [0x00000000d5580000, 0x00000000dc380000, 0x0000000100000000)
  eden space 74752K, 100% used [0x00000000d5580000,0x00000000d9e80000,0x00000000d9e80000)
  from space 8192K, 99% used [0x00000000d9e80000,0x00000000da67ce60,0x00000000da680000)
  to   space 10752K, 0% used [0x00000000db900000,0x00000000db900000,0x00000000dc380000)
 ParOldGen       total 56320K, used 18877K [0x0000000080000000, 0x0000000083700000, 0x00000000d5580000)
  object space 56320K, 33% used [0x0000000080000000,0x000000008126f528,0x0000000083700000)
 Metaspace       used 50739K, capacity 52760K, committed 53032K, reserved 1095680K
  class space    used 6781K, capacity 7173K, committed 7216K, reserved 1048576K
Event: 59.002 GC heap after
Heap after GC invocations=18 (full 2):
 PSYoungGen      total 98816K, used 10727K [0x00000000d5580000, 0x00000000dcb00000, 0x0000000100000000)
  eden space 88064K, 0% used [0x00000000d5580000,0x00000000d5580000,0x00000000dab80000)
  from space 10752K, 99% used [0x00000000db900000,0x00000000dc379f38,0x00000000dc380000)
  to   space 13824K, 0% used [0x00000000dab80000,0x00000000dab80000,0x00000000db900000)
 ParOldGen       total 56320K, used 24160K [0x0000000080000000, 0x0000000083700000, 0x00000000d5580000)
  object space 56320K, 42% used [0x0000000080000000,0x00000000817983d8,0x0000000083700000)
 Metaspace       used 50739K, capacity 52760K, committed 53032K, reserved 1095680K
  class space    used 6781K, capacity 7173K, committed 7216K, reserved 1048576K
}
Event: 62.747 GC heap before
{Heap before GC invocations=19 (full 2):
 PSYoungGen      total 98816K, used 88134K [0x00000000d5580000, 0x00000000dcb00000, 0x0000000100000000)
  eden space 88064K, 87% used [0x00000000d5580000,0x00000000da1178f0,0x00000000dab80000)
  from space 10752K, 99% used [0x00000000db900000,0x00000000dc379f38,0x00000000dc380000)
  to   space 13824K, 0% used [0x00000000dab80000,0x00000000dab80000,0x00000000db900000)
 ParOldGen       total 56320K, used 24160K [0x0000000080000000, 0x0000000083700000, 0x00000000d5580000)
  object space 56320K, 42% used [0x0000000080000000,0x00000000817983d8,0x0000000083700000)
 Metaspace       used 56829K, capacity 59138K, committed 59160K, reserved 1099776K
  class space    used 7771K, capacity 8238K, committed 8240K, reserved 1048576K
Event: 62.863 GC heap after
Heap after GC invocations=19 (full 2):
 PSYoungGen      total 101888K, used 9295K [0x00000000d5580000, 0x00000000dd680000, 0x0000000100000000)
  eden space 88064K, 0% used [0x00000000d5580000,0x00000000d5580000,0x00000000dab80000)
  from space 13824K, 67% used [0x00000000dab80000,0x00000000db493d58,0x00000000db900000)
  to   space 14336K, 0% used [0x00000000dc880000,0x00000000dc880000,0x00000000dd680000)
 ParOldGen       total 56320K, used 33851K [0x0000000080000000, 0x0000000083700000, 0x00000000d5580000)
  object space 56320K, 60% used [0x0000000080000000,0x000000008210ecd0,0x0000000083700000)
 Metaspace       used 56829K, capacity 59138K, committed 59160K, reserved 1099776K
  class space    used 7771K, capacity 8238K, committed 8240K, reserved 1048576K
}
Event: 62.863 GC heap before
{Heap before GC invocations=20 (full 3):
 PSYoungGen      total 101888K, used 9295K [0x00000000d5580000, 0x00000000dd680000, 0x0000000100000000)
  eden space 88064K, 0% used [0x00000000d5580000,0x00000000d5580000,0x00000000dab80000)
  from space 13824K, 67% used [0x00000000dab80000,0x00000000db493d58,0x00000000db900000)
  to   space 14336K, 0% used [0x00000000dc880000,0x00000000dc880000,0x00000000dd680000)
 ParOldGen       total 56320K, used 33851K [0x0000000080000000, 0x0000000083700000, 0x00000000d5580000)
  object space 56320K, 60% used [0x0000000080000000,0x000000008210ecd0,0x0000000083700000)
 Metaspace       used 56829K, capacity 59138K, committed 59160K, reserved 1099776K
  class space    used 7771K, capacity 8238K, committed 8240K, reserved 1048576K
Event: 64.352 GC heap after
Heap after GC invocations=20 (full 3):
 PSYoungGen      total 101888K, used 0K [0x00000000d5580000, 0x00000000dd680000, 0x0000000100000000)
  eden space 88064K, 0% used [0x00000000d5580000,0x00000000d5580000,0x00000000dab80000)
  from space 13824K, 0% used [0x00000000dab80000,0x00000000dab80000,0x00000000db900000)
  to   space 14336K, 0% used [0x00000000dc880000,0x00000000dc880000,0x00000000dd680000)
 ParOldGen       total 56320K, used 33198K [0x0000000080000000, 0x0000000083700000, 0x00000000d5580000)
  object space 56320K, 58% used [0x0000000080000000,0x000000008206baa0,0x0000000083700000)
 Metaspace       used 56815K, capacity 59090K, committed 59160K, reserved 1099776K
  class space    used 7766K, capacity 8230K, committed 8240K, reserved 1048576K
}

